"Start of log file."
"C:/Users/Brendan/DOCUME~1/GitHub/Purify/Purify/Assets/AI_Fri_2.max"
"Starting max loading and fbx conversion"
window = undefined
"Settings units"
"Before fbx export"
"After fbx export"
"Finished max loading and fbx conversion"
"C:/Users/Brendan/DOCUME~1/GitHub/Purify/Purify/Assets/AI_Fri_3.max"
"Starting max loading and fbx conversion"
window = undefined
"Settings units"
"Before fbx export"
"After fbx export"
"Finished max loading and fbx conversion"
"C:/Users/Brendan/DOCUME~1/GitHub/Purify/Purify/Assets/maze_2.max"
"Starting max loading and fbx conversion"
window = undefined
"Settings units"
"Before fbx export"
"After fbx export"
"Finished max loading and fbx conversion"
"C:/Users/Brendan/DOCUME~1/GitHub/Purify/Purify/Assets/maze_3.max"
"Starting max loading and fbx conversion"
window = undefined
"Settings units"
"Before fbx export"
"After fbx export"
"Finished max loading and fbx conversion"
